[debug] [2021-12-11T23:20:48.140Z] ----------------------------------------------------------------------
[debug] [2021-12-11T23:20:48.142Z] Command:       C:\Program Files\nodejs\node.exe C:\Users\vinic\AppData\Roaming\npm\node_modules\firebase-tools\lib\bin\firebase.js deploy --only hosting
[debug] [2021-12-11T23:20:48.142Z] CLI Version:   9.23.0
[debug] [2021-12-11T23:20:48.143Z] Platform:      win32
[debug] [2021-12-11T23:20:48.143Z] Node Version:  v14.18.0
[debug] [2021-12-11T23:20:48.144Z] Time:          Sat Dec 11 2021 20:20:48 GMT-0300 (Horário Padrão de Brasília)
[debug] [2021-12-11T23:20:48.144Z] ----------------------------------------------------------------------
[debug] 
[debug] [2021-12-11T23:20:48.200Z] Object ".firestore" in "firebase.json" has unknown property: {"additionalProperty":"host"}
[debug] [2021-12-11T23:20:48.204Z] > command requires scopes: ["email","openid","https://www.googleapis.com/auth/cloudplatformprojects.readonly","https://www.googleapis.com/auth/firebase","https://www.googleapis.com/auth/cloud-platform"]
[debug] [2021-12-11T23:20:48.204Z] > authorizing via signed-in user (viniciuslelesf@gmail.com)
[debug] [2021-12-11T23:20:48.204Z] [iam] checking project dndchar-143e9 for permissions ["firebase.projects.get","firebasehosting.sites.update"]
[debug] [2021-12-11T23:20:48.206Z] >>> HTTP REQUEST POST https://cloudresourcemanager.googleapis.com/v1/projects/dndchar-143e9:testIamPermissions  
 {"permissions":["firebase.projects.get","firebasehosting.sites.update"]}
[debug] [2021-12-11T23:20:49.186Z] <<< HTTP RESPONSE 200 {"content-type":"application/json; charset=UTF-8","vary":"X-Origin, Referer, Origin,Accept-Encoding","date":"Sat, 11 Dec 2021 23:20:49 GMT","server":"ESF","cache-control":"private","x-xss-protection":"0","x-frame-options":"SAMEORIGIN","x-content-type-options":"nosniff","server-timing":"gfet4t7; dur=734","alt-svc":"h3=\":443\"; ma=2592000,h3-29=\":443\"; ma=2592000,h3-Q050=\":443\"; ma=2592000,h3-Q046=\":443\"; ma=2592000,h3-Q043=\":443\"; ma=2592000,quic=\":443\"; ma=2592000; v=\"46,43\"","accept-ranges":"none","transfer-encoding":"chunked"}
[debug] [2021-12-11T23:20:49.188Z] > refreshing access token with scopes: []
[debug] [2021-12-11T23:20:49.188Z] >>> HTTP REQUEST POST https://www.googleapis.com/oauth2/v3/token  
 <request body omitted>
[debug] [2021-12-11T23:20:49.477Z] <<< HTTP RESPONSE 200 {"pragma":"no-cache","expires":"Mon, 01 Jan 1990 00:00:00 GMT","cache-control":"no-cache, no-store, max-age=0, must-revalidate","date":"Sat, 11 Dec 2021 23:20:49 GMT","content-type":"application/json; charset=utf-8","vary":"X-Origin, Referer, Origin,Accept-Encoding","server":"scaffolding on HTTPServer2","x-xss-protection":"0","x-frame-options":"SAMEORIGIN","x-content-type-options":"nosniff","alt-svc":"h3=\":443\"; ma=2592000,h3-29=\":443\"; ma=2592000,h3-Q050=\":443\"; ma=2592000,h3-Q046=\":443\"; ma=2592000,h3-Q043=\":443\"; ma=2592000,quic=\":443\"; ma=2592000; v=\"46,43\"","accept-ranges":"none","transfer-encoding":"chunked"}
[debug] [2021-12-11T23:20:49.524Z] >>> [apiv2][query] GET https://firebase.googleapis.com/v1beta1/projects/dndchar-143e9 [none]
[debug] [2021-12-11T23:20:50.645Z] <<< [apiv2][status] GET https://firebase.googleapis.com/v1beta1/projects/dndchar-143e9 200
[debug] [2021-12-11T23:20:50.645Z] <<< [apiv2][body] GET https://firebase.googleapis.com/v1beta1/projects/dndchar-143e9 {"projectId":"dndchar-143e9","projectNumber":"1077981407053","displayName":"dndChar","name":"projects/dndchar-143e9","resources":{"hostingSite":"dndchar-143e9","storageBucket":"dndchar-143e9.appspot.com","locationId":"us-central"},"state":"ACTIVE"}
[info] 
[info] === Deploying to 'dndchar-143e9'...
[info] 
[info] i  deploying hosting 
[debug] [2021-12-11T23:20:50.650Z] > refreshing access token with scopes: ["email","https://www.googleapis.com/auth/cloud-platform","https://www.googleapis.com/auth/cloudplatformprojects.readonly","https://www.googleapis.com/auth/firebase","openid"]
[debug] [2021-12-11T23:20:50.650Z] >>> HTTP REQUEST POST https://www.googleapis.com/oauth2/v3/token  
 <request body omitted>
